<?xml version="1.0" encoding="UTF-8"?>
<testsuite xmlns:xsi="http://www.w3.org/2001/XMLSchema-instance" xsi:noNamespaceSchemaLocation="https://maven.apache.org/surefire/maven-surefire-plugin/xsd/surefire-test-report.xsd" name="com.techreturners.roman_numerals.RomanConversionTest" time="0.074" tests="16" errors="0" skipped="0" failures="0">
  <properties>
    <property name="java.specification.version" value="19"/>
    <property name="sun.jnu.encoding" value="UTF-8"/>
    <property name="java.class.path" value="/Users/zafarkhan/github/katas/target/test-classes:/Users/zafarkhan/github/katas/target/classes:/Users/zafarkhan/.m2/repository/org/junit/jupiter/junit-jupiter-engine/5.9.0/junit-jupiter-engine-5.9.0.jar:/Users/zafarkhan/.m2/repository/org/junit/platform/junit-platform-engine/1.9.0/junit-platform-engine-1.9.0.jar:/Users/zafarkhan/.m2/repository/org/opentest4j/opentest4j/1.2.0/opentest4j-1.2.0.jar:/Users/zafarkhan/.m2/repository/org/junit/platform/junit-platform-commons/1.9.0/junit-platform-commons-1.9.0.jar:/Users/zafarkhan/.m2/repository/org/junit/jupiter/junit-jupiter-api/5.9.0/junit-jupiter-api-5.9.0.jar:/Users/zafarkhan/.m2/repository/org/apiguardian/apiguardian-api/1.1.2/apiguardian-api-1.1.2.jar:/Users/zafarkhan/.m2/repository/org/junit/jupiter/junit-jupiter-params/5.8.1/junit-jupiter-params-5.8.1.jar:"/>
    <property name="java.vm.vendor" value="Homebrew"/>
    <property name="sun.arch.data.model" value="64"/>
    <property name="java.vendor.url" value="https://github.com/Homebrew/homebrew-core/issues"/>
    <property name="os.name" value="Mac OS X"/>
    <property name="java.vm.specification.version" value="19"/>
    <property name="sun.java.launcher" value="SUN_STANDARD"/>
    <property name="user.country" value="GB"/>
    <property name="sun.boot.library.path" value="/opt/homebrew/Cellar/openjdk/19.0.1/libexec/openjdk.jdk/Contents/Home/lib"/>
    <property name="sun.java.command" value="/Users/zafarkhan/github/katas/target/surefire/surefirebooter7088339107814707779.jar /Users/zafarkhan/github/katas/target/surefire 2023-02-08T22-38-34_712-jvmRun1 surefire14400320685112560787tmp surefire_08952003422388287263tmp"/>
    <property name="jdk.debug" value="release"/>
    <property name="surefire.test.class.path" value="/Users/zafarkhan/github/katas/target/test-classes:/Users/zafarkhan/github/katas/target/classes:/Users/zafarkhan/.m2/repository/org/junit/jupiter/junit-jupiter-engine/5.9.0/junit-jupiter-engine-5.9.0.jar:/Users/zafarkhan/.m2/repository/org/junit/platform/junit-platform-engine/1.9.0/junit-platform-engine-1.9.0.jar:/Users/zafarkhan/.m2/repository/org/opentest4j/opentest4j/1.2.0/opentest4j-1.2.0.jar:/Users/zafarkhan/.m2/repository/org/junit/platform/junit-platform-commons/1.9.0/junit-platform-commons-1.9.0.jar:/Users/zafarkhan/.m2/repository/org/junit/jupiter/junit-jupiter-api/5.9.0/junit-jupiter-api-5.9.0.jar:/Users/zafarkhan/.m2/repository/org/apiguardian/apiguardian-api/1.1.2/apiguardian-api-1.1.2.jar:/Users/zafarkhan/.m2/repository/org/junit/jupiter/junit-jupiter-params/5.8.1/junit-jupiter-params-5.8.1.jar:"/>
    <property name="sun.cpu.endian" value="little"/>
    <property name="user.home" value="/Users/zafarkhan"/>
    <property name="user.language" value="en"/>
    <property name="java.specification.vendor" value="Oracle Corporation"/>
    <property name="java.version.date" value="2022-10-18"/>
    <property name="java.home" value="/opt/homebrew/Cellar/openjdk/19.0.1/libexec/openjdk.jdk/Contents/Home"/>
    <property name="file.separator" value="/"/>
    <property name="basedir" value="/Users/zafarkhan/github/katas"/>
    <property name="java.vm.compressedOopsMode" value="Zero based"/>
    <property name="line.separator" value="&#10;"/>
    <property name="java.specification.name" value="Java Platform API Specification"/>
    <property name="java.vm.specification.vendor" value="Oracle Corporation"/>
    <property name="apple.awt.application.name" value="ForkedBooter"/>
    <property name="surefire.real.class.path" value="/Users/zafarkhan/github/katas/target/surefire/surefirebooter7088339107814707779.jar"/>
    <property name="sun.management.compiler" value="HotSpot 64-Bit Tiered Compilers"/>
    <property name="java.runtime.version" value="19.0.1"/>
    <property name="user.name" value="zafarkhan"/>
    <property name="stdout.encoding" value="UTF-8"/>
    <property name="path.separator" value=":"/>
    <property name="os.version" value="12.3.1"/>
    <property name="java.runtime.name" value="OpenJDK Runtime Environment"/>
    <property name="file.encoding" value="UTF-8"/>
    <property name="java.vm.name" value="OpenJDK 64-Bit Server VM"/>
    <property name="java.vendor.version" value="Homebrew"/>
    <property name="localRepository" value="/Users/zafarkhan/.m2/repository"/>
    <property name="java.vendor.url.bug" value="https://github.com/Homebrew/homebrew-core/issues"/>
    <property name="java.io.tmpdir" value="/var/folders/qb/sc6k30q54m57gqj25fj5n58m0000gn/T/"/>
    <property name="java.version" value="19.0.1"/>
    <property name="user.dir" value="/Users/zafarkhan/github/katas"/>
    <property name="os.arch" value="aarch64"/>
    <property name="java.vm.specification.name" value="Java Virtual Machine Specification"/>
    <property name="native.encoding" value="UTF-8"/>
    <property name="java.library.path" value="/Users/zafarkhan/Library/Java/Extensions:/Library/Java/Extensions:/Network/Library/Java/Extensions:/System/Library/Java/Extensions:/usr/lib/java:."/>
    <property name="java.vm.info" value="mixed mode, sharing"/>
    <property name="stderr.encoding" value="UTF-8"/>
    <property name="java.vendor" value="Homebrew"/>
    <property name="java.vm.version" value="19.0.1"/>
    <property name="sun.io.unicode.encoding" value="UnicodeBig"/>
    <property name="java.class.version" value="63.0"/>
  </properties>
  <testcase name="checkRomanForOne" classname="com.techreturners.roman_numerals.RomanConversionTest" time="0.014"/>
  <testcase name="checkRomanForSix" classname="com.techreturners.roman_numerals.RomanConversionTest" time="0.001"/>
  <testcase name="checkRomanForTwo" classname="com.techreturners.roman_numerals.RomanConversionTest" time="0"/>
  <testcase name="checkRomanForStandardNumerals{int, String}[1]" classname="com.techreturners.roman_numerals.RomanConversionTest" time="0.014"/>
  <testcase name="checkRomanForStandardNumerals{int, String}[2]" classname="com.techreturners.roman_numerals.RomanConversionTest" time="0.001"/>
  <testcase name="checkRomanForStandardNumerals{int, String}[3]" classname="com.techreturners.roman_numerals.RomanConversionTest" time="0.002"/>
  <testcase name="checkRomanForStandardNumerals{int, String}[4]" classname="com.techreturners.roman_numerals.RomanConversionTest" time="0"/>
  <testcase name="checkRomanForStandardNumerals{int, String}[5]" classname="com.techreturners.roman_numerals.RomanConversionTest" time="0"/>
  <testcase name="checkRomanForStandardNumerals{int, String}[6]" classname="com.techreturners.roman_numerals.RomanConversionTest" time="0"/>
  <testcase name="checkRomanForStandardNumerals{int, String}[7]" classname="com.techreturners.roman_numerals.RomanConversionTest" time="0.001"/>
  <testcase name="checkRomanForNonStandardSingleInput{int, String}[1]" classname="com.techreturners.roman_numerals.RomanConversionTest" time="0"/>
  <testcase name="checkRomanForNonStandardSingleInput{int, String}[2]" classname="com.techreturners.roman_numerals.RomanConversionTest" time="0"/>
  <testcase name="checkRomanForNonStandardSingleInput{int, String}[3]" classname="com.techreturners.roman_numerals.RomanConversionTest" time="0"/>
  <testcase name="checkRomanForNonStandardSingleInput{int, String}[4]" classname="com.techreturners.roman_numerals.RomanConversionTest" time="0.001"/>
  <testcase name="checkRomanForFour" classname="com.techreturners.roman_numerals.RomanConversionTest" time="0"/>
  <testcase name="checkRomanForThree" classname="com.techreturners.roman_numerals.RomanConversionTest" time="0"/>
</testsuite>